\BOOKMARK [0][-]{chapter*.3}{Abstract}{}
\BOOKMARK [0][-]{chapter*.4}{Acknowledgements}{}
\BOOKMARK [0][-]{chapter*.5}{Symbols}{}
\BOOKMARK [0][-]{chapter.1}{Introduction}{}
\BOOKMARK [1][-]{section.1.1}{Context}{chapter.1}
\BOOKMARK [1][-]{section.1.2}{Goals}{chapter.1}
\BOOKMARK [1][-]{section.1.3}{System Overview}{chapter.1}
\BOOKMARK [1][-]{section.1.4}{Similar Systems and their HMI}{chapter.1}
\BOOKMARK [1][-]{section.1.5}{Structure of the Report}{chapter.1}
\BOOKMARK [0][-]{chapter.2}{Einige wichtige Hinweise zum Arbeiten mit LaTeX }{}
\BOOKMARK [1][-]{section.2.1}{Gliederungen}{chapter.2}
\BOOKMARK [1][-]{section.2.2}{Referenzen und Verweise}{chapter.2}
\BOOKMARK [1][-]{section.2.3}{Aufz\344hlungen}{chapter.2}
\BOOKMARK [1][-]{section.2.4}{Erstellen einer Tabelle}{chapter.2}
\BOOKMARK [1][-]{section.2.5}{Einbinden einer EPS-Graphik}{chapter.2}
\BOOKMARK [1][-]{section.2.6}{Mathematische Formeln}{chapter.2}
\BOOKMARK [1][-]{section.2.7}{Weitere n\374tzliche Befehle}{chapter.2}
\BOOKMARK [0][-]{chapter.3}{Finding a Hardware and Software Solution}{}
\BOOKMARK [1][-]{section.3.1}{Requirements}{chapter.3}
\BOOKMARK [1][-]{section.3.2}{Existing Solutions}{chapter.3}
\BOOKMARK [2][-]{subsection.3.2.1}{Hardware}{section.3.2}
\BOOKMARK [2][-]{subsection.3.2.2}{Software}{section.3.2}
\BOOKMARK [1][-]{section.3.3}{Realization}{chapter.3}
\BOOKMARK [2][-]{subsection.3.3.1}{Compact and Convenient Solution}{section.3.3}
\BOOKMARK [2][-]{subsection.3.3.2}{QGroundControl}{section.3.3}
\BOOKMARK [2][-]{subsection.3.3.3}{Mavlink}{section.3.3}
\BOOKMARK [0][-]{chapter.4}{The different Control Modes}{}
\BOOKMARK [1][-]{section.4.1}{Evaluation}{chapter.4}
\BOOKMARK [1][-]{section.4.2}{Manual Control Modes}{chapter.4}
\BOOKMARK [1][-]{section.4.3}{Automatic Control Modes}{chapter.4}
\BOOKMARK [0][-]{chapter.5}{Trajectory Planning}{}
\BOOKMARK [1][-]{section.5.1}{Introduction}{chapter.5}
\BOOKMARK [2][-]{subsection.5.1.1}{Definition}{section.5.1}
\BOOKMARK [2][-]{subsection.5.1.2}{Our Approach}{section.5.1}
\BOOKMARK [1][-]{section.5.2}{Vorschlag: Geometric Parameterized Paths}{chapter.5}
\BOOKMARK [1][-]{section.5.3}{Vorschlag: Time Parameterized Trajectories}{chapter.5}
\BOOKMARK [1][-]{section.5.4}{Vorschlag: Trajectory Tracking}{chapter.5}
\BOOKMARK [1][-]{section.5.5}{System Constraints for Trajectory}{chapter.5}
\BOOKMARK [2][-]{subsection.5.5.1}{Maximum Velocities and Accelerations}{section.5.5}
\BOOKMARK [2][-]{subsection.5.5.2}{Continuity}{section.5.5}
\BOOKMARK [1][-]{section.5.6}{Definition}{chapter.5}
\BOOKMARK [2][-]{subsection.5.6.1}{Paths and Trajectories}{section.5.6}
\BOOKMARK [2][-]{subsection.5.6.2}{Interpolation and Approximation}{section.5.6}
\BOOKMARK [2][-]{subsection.5.6.3}{Parametrization}{section.5.6}
\BOOKMARK [2][-]{subsection.5.6.4}{Experimental Design}{section.5.6}
\BOOKMARK [1][-]{section.5.7}{Spline Theory}{chapter.5}
\BOOKMARK [2][-]{subsection.5.7.1}{Piecewise Polynomial Interpolating Splines}{section.5.7}
\BOOKMARK [2][-]{subsection.5.7.2}{B-Splines}{section.5.7}
\BOOKMARK [1][-]{section.5.8}{Trajectory Generation}{chapter.5}
\BOOKMARK [2][-]{subsection.5.8.1}{System Constraints}{section.5.8}
\BOOKMARK [2][-]{subsection.5.8.2}{Time Parametrization}{section.5.8}
\BOOKMARK [1][-]{section.5.9}{Controller Implementation}{chapter.5}
\BOOKMARK [2][-]{subsection.5.9.1}{Trajectory Controller}{section.5.9}
\BOOKMARK [2][-]{subsection.5.9.2}{Pure Pursuit Position Controller}{section.5.9}
\BOOKMARK [2][-]{subsection.5.9.3}{Cross Track Error Controller}{section.5.9}
\BOOKMARK [1][-]{section.5.10}{Discussion}{chapter.5}
\BOOKMARK [0][-]{chapter.6}{Conclusion}{}
\BOOKMARK [0][-]{appendix*.15}{Bibliography}{}
